app/build/intermediates/manifest_merge_blame_file/debug/manifest-merger-blame-debug-report.txt
1<?xml version="1.0" encoding="utf-8"?>
2<manifest xmlns:android="http://schemas.android.com/apk/res/android"
3    package="com.samsung.android.ecgmonitor"
4    android:versionCode="1"
5    android:versionName="1.3" >
6
7    <uses-sdk
8        android:minSdkVersion="30"
9        android:targetSdkVersion="36" />
10
11    <uses-permission android:name="android.permission.WAKE_LOCK" />
11-->src\main\AndroidManifest.xml:5:5-68
11-->src\main\AndroidManifest.xml:5:22-65
12    <uses-permission android:name="android.permission.BODY_SENSORS" />
12-->src\main\AndroidManifest.xml:6:5-71
12-->src\main\AndroidManifest.xml:6:22-68
13    <uses-permission android:name="android.permission.health.READ_HEART_RATE" />
13-->src\main\AndroidManifest.xml:7:5-81
13-->src\main\AndroidManifest.xml:7:22-78
14    <uses-permission android:name="android.permission.health.READ_OXYGEN_SATURATION" />
14-->src\main\AndroidManifest.xml:8:5-88
14-->src\main\AndroidManifest.xml:8:22-85
15    <uses-permission android:name="android.permission.health.READ_SKIN_TEMPERATURE" />
15-->src\main\AndroidManifest.xml:9:5-87
15-->src\main\AndroidManifest.xml:9:22-84
16    <uses-permission android:name="com.samsung.android.hardware.sensormanager.permission.READ_ADDITIONAL_HEALTH_DATA" />
16-->src\main\AndroidManifest.xml:10:5-121
16-->src\main\AndroidManifest.xml:10:22-118
17    <uses-permission android:name="android.permission.ACTIVITY_RECOGNITION" />
17-->src\main\AndroidManifest.xml:11:5-79
17-->src\main\AndroidManifest.xml:11:22-76
18    <uses-permission android:name="com.samsung.android.hardware.sensormanager.permission.READ_ADDITIONAL_HEALTH_DATA" />
18-->src\main\AndroidManifest.xml:10:5-121
18-->src\main\AndroidManifest.xml:10:22-118
19
20    <uses-feature android:name="android.hardware.type.watch" />
20-->src\main\AndroidManifest.xml:17:5-64
20-->src\main\AndroidManifest.xml:17:19-61
21
22    <queries>
22-->[samsung-health-sensor-api-1.4.1.aar] AndroidManifest.xml:7:5-9:15
23        <package android:name="com.sec.android.app.samsungapps" />
23-->[samsung-health-sensor-api-1.4.1.aar] AndroidManifest.xml:8:9-67
23-->[samsung-health-sensor-api-1.4.1.aar] AndroidManifest.xml:8:18-64
24    </queries>
25    <queries>
25-->[samsung-health-sensor-api-1.4.1.aar] AndroidManifest.xml:7:5-9:15
26        <package android:name="com.samsung.android.service.health" />
27    </queries>
28
29    <application
29-->src\main\AndroidManifest.xml:19:5-47:19
30        android:allowBackup="true"
30-->src\main\AndroidManifest.xml:20:9-35
31        android:appComponentFactory="androidx.core.app.CoreComponentFactory"
31-->[androidx.core:core:1.6.0] AndroidManifest.xml:24:18-86
32        android:debuggable="true"
33        android:extractNativeLibs="false"
34        android:icon="@mipmap/ic_launcher"
34-->src\main\AndroidManifest.xml:21:9-43
35        android:label="@string/app_name"
35-->src\main\AndroidManifest.xml:22:9-41
36        android:supportsRtl="true"
36-->src\main\AndroidManifest.xml:23:9-35
37        android:testOnly="true"
38        android:theme="@android:style/Theme.DeviceDefault" >
38-->src\main\AndroidManifest.xml:24:9-59
39        <uses-library
39-->src\main\AndroidManifest.xml:25:9-27:39
40            android:name="com.google.android.wearable"
40-->src\main\AndroidManifest.xml:26:13-55
41            android:required="true" />
41-->src\main\AndroidManifest.xml:27:13-36
42
43        <!--
44               Set to true if your app is Standalone, that is, it does not require the handheld
45               app to run.
46        -->
47        <meta-data
47-->src\main\AndroidManifest.xml:33:9-35:36
48            android:name="com.google.android.wearable.standalone"
48-->src\main\AndroidManifest.xml:34:13-66
49            android:value="true" />
49-->src\main\AndroidManifest.xml:35:13-33
50
51        <activity
51-->src\main\AndroidManifest.xml:37:9-46:20
52            android:name="com.samsung.android.ecgmonitor.MainActivity"
52-->src\main\AndroidManifest.xml:38:13-71
53            android:exported="true"
53-->src\main\AndroidManifest.xml:39:13-36
54            android:taskAffinity="" >
54-->src\main\AndroidManifest.xml:40:13-36
55            <intent-filter>
55-->src\main\AndroidManifest.xml:41:13-45:29
56                <action android:name="android.intent.action.MAIN" />
56-->src\main\AndroidManifest.xml:42:17-69
56-->src\main\AndroidManifest.xml:42:25-66
57
58                <category android:name="android.intent.category.LAUNCHER" />
58-->src\main\AndroidManifest.xml:44:17-77
58-->src\main\AndroidManifest.xml:44:27-74
59            </intent-filter>
60        </activity>
61
62        <provider
62-->[androidx.profileinstaller:profileinstaller:1.4.0] AndroidManifest.xml:24:9-32:20
63            android:name="androidx.startup.InitializationProvider"
63-->[androidx.profileinstaller:profileinstaller:1.4.0] AndroidManifest.xml:25:13-67
64            android:authorities="com.samsung.android.ecgmonitor.androidx-startup"
64-->[androidx.profileinstaller:profileinstaller:1.4.0] AndroidManifest.xml:26:13-68
65            android:exported="false" >
65-->[androidx.profileinstaller:profileinstaller:1.4.0] AndroidManifest.xml:27:13-37
66            <meta-data
66-->[androidx.profileinstaller:profileinstaller:1.4.0] AndroidManifest.xml:29:13-31:52
67                android:name="androidx.profileinstaller.ProfileInstallerInitializer"
67-->[androidx.profileinstaller:profileinstaller:1.4.0] AndroidManifest.xml:30:17-85
68                android:value="androidx.startup" />
68-->[androidx.profileinstaller:profileinstaller:1.4.0] AndroidManifest.xml:31:17-49
69        </provider>
70
71        <receiver
71-->[androidx.profileinstaller:profileinstaller:1.4.0] AndroidManifest.xml:34:9-52:20
72            android:name="androidx.profileinstaller.ProfileInstallReceiver"
72-->[androidx.profileinstaller:profileinstaller:1.4.0] AndroidManifest.xml:35:13-76
73            android:directBootAware="false"
73-->[androidx.profileinstaller:profileinstaller:1.4.0] AndroidManifest.xml:36:13-44
74            android:enabled="true"
74-->[androidx.profileinstaller:profileinstaller:1.4.0] AndroidManifest.xml:37:13-35
75            android:exported="true"
75-->[androidx.profileinstaller:profileinstaller:1.4.0] AndroidManifest.xml:38:13-36
76            android:permission="android.permission.DUMP" >
76-->[androidx.profileinstaller:profileinstaller:1.4.0] AndroidManifest.xml:39:13-57
77            <intent-filter>
77-->[androidx.profileinstaller:profileinstaller:1.4.0] AndroidManifest.xml:40:13-42:29
78                <action android:name="androidx.profileinstaller.action.INSTALL_PROFILE" />
78-->[androidx.profileinstaller:profileinstaller:1.4.0] AndroidManifest.xml:41:17-91
78-->[androidx.profileinstaller:profileinstaller:1.4.0] AndroidManifest.xml:41:25-88
79            </intent-filter>
80            <intent-filter>
80-->[androidx.profileinstaller:profileinstaller:1.4.0] AndroidManifest.xml:43:13-45:29
81                <action android:name="androidx.profileinstaller.action.SKIP_FILE" />
81-->[androidx.profileinstaller:profileinstaller:1.4.0] AndroidManifest.xml:44:17-85
81-->[androidx.profileinstaller:profileinstaller:1.4.0] AndroidManifest.xml:44:25-82
82            </intent-filter>
83            <intent-filter>
83-->[androidx.profileinstaller:profileinstaller:1.4.0] AndroidManifest.xml:46:13-48:29
84                <action android:name="androidx.profileinstaller.action.SAVE_PROFILE" />
84-->[androidx.profileinstaller:profileinstaller:1.4.0] AndroidManifest.xml:47:17-88
84-->[androidx.profileinstaller:profileinstaller:1.4.0] AndroidManifest.xml:47:25-85
85            </intent-filter>
86            <intent-filter>
86-->[androidx.profileinstaller:profileinstaller:1.4.0] AndroidManifest.xml:49:13-51:29
87                <action android:name="androidx.profileinstaller.action.BENCHMARK_OPERATION" />
87-->[androidx.profileinstaller:profileinstaller:1.4.0] AndroidManifest.xml:50:17-95
87-->[androidx.profileinstaller:profileinstaller:1.4.0] AndroidManifest.xml:50:25-92
88            </intent-filter>
89        </receiver>
90    </application>
91
92</manifest>